<?xml version="1.0" encoding="UTF-8"?>
<!-- Generated by org.testng.reporters.JUnitXMLReporter -->
<testsuite hostname="DESKTOP-5O9HSQK" name="Default test" tests="18" failures="0" timestamp="11 Dec 2018 19:22:48 GMT" time="76.128" errors="0">
  <testcase name="navigateToTrelloWebsite" time="6.764" classname="steps.LogIn"/>
  <testcase name="closeGDPR" time="0.085" classname="steps.LogIn"/>
  <testcase name="switchLanguageToEnglish" time="2.248" classname="steps.LogIn"/>
  <testcase name="clickOnSignUp" time="5.268" classname="steps.LogIn"/>
  <testcase name="createAccountOnEmptyField" time="0.131" classname="steps.LogIn"/>
  <testcase name="enterName" time="0.205" classname="steps.LogIn"/>
  <testcase name="enterInvalidEmail" time="3.35" classname="steps.LogIn"/>
  <testcase name="enterEMail" time="0.191" classname="steps.LogIn"/>
  <testcase name="enterInvalidPassword" time="2.293" classname="steps.LogIn"/>
  <testcase name="enterPassword" time="0.288" classname="steps.LogIn"/>
  <testcase name="gogleButtonInvisible" time="0.047" classname="steps.LogIn"/>
  <testcase name="clickOnCreateNewAccountButton" time="25.73" classname="steps.LogIn"/>
  <testcase name="logout" time="2.389" classname="steps.LogIn"/>
  <testcase name="navigateToTrelloSite" time="1.996" classname="steps.LogIn"/>
  <testcase name="logInWithEmptyFields" time="0.126" classname="steps.LogIn"/>
  <testcase name="logInWithWrongEmail" time="1.3" classname="steps.LogIn"/>
  <testcase name="logInWithWrongPassword" time="1.373" classname="steps.LogIn"/>
  <testcase name="logIn" time="22.312" classname="steps.LogIn"/>
</testsuite> <!-- Default test -->
