<?xml version="1.0" encoding="UTF-8"?>
<!-- Generated by org.testng.reporters.JUnitXMLReporter -->
<testsuite hostname="DESKTOP-5O9HSQK" name="Default test" tests="13" failures="0" timestamp="10 Dec 2018 23:10:09 GMT" time="64.877" errors="0">
  <testcase name="navigateToTrelloWebsite" time="4.31" classname="steps.RegisterAccountSteps"/>
  <testcase name="closeGDPR" time="0.245" classname="steps.RegisterAccountSteps"/>
  <testcase name="switchLanguageToEnglish" time="6.196" classname="steps.RegisterAccountSteps"/>
  <testcase name="clickOnSignUp" time="5.03" classname="steps.RegisterAccountSteps"/>
  <testcase name="createAccountOnEmptyField" time="0.076" classname="steps.RegisterAccountSteps"/>
  <testcase name="enterName" time="0.372" classname="steps.RegisterAccountSteps"/>
  <testcase name="enterInvalidEmail" time="3.72" classname="steps.RegisterAccountSteps"/>
  <testcase name="enterEMail" time="0.343" classname="steps.RegisterAccountSteps"/>
  <testcase name="enterInvalidPassword" time="2.717" classname="steps.RegisterAccountSteps"/>
  <testcase name="enterPassword" time="0.374" classname="steps.RegisterAccountSteps"/>
  <testcase name="gogleButtonInvisible" time="0.055" classname="steps.RegisterAccountSteps"/>
  <testcase name="clickOnCreateNewAccountButton" time="35.118" classname="steps.RegisterAccountSteps"/>
  <testcase name="logout" time="6.289" classname="steps.RegisterAccountSteps"/>
</testsuite> <!-- Default test -->
