<?xml version="1.0" encoding="UTF-8"?>
<!-- Generated by org.testng.reporters.JUnitXMLReporter -->
<testsuite hostname="DESKTOP-5O9HSQK" name="Create new user on Trello test" tests="13" failures="0" timestamp="11 Dec 2018 19:37:55 GMT" time="52.012" errors="0">
  <testcase name="navigateToTrelloWebsite" time="4.848" classname="steps.RegisterAccountSteps"/>
  <testcase name="closeGDPR" time="0.081" classname="steps.RegisterAccountSteps"/>
  <testcase name="switchLanguageToEnglish" time="4.368" classname="steps.RegisterAccountSteps"/>
  <testcase name="clickOnSignUp" time="4.511" classname="steps.RegisterAccountSteps"/>
  <testcase name="createAccountOnEmptyField" time="0.04" classname="steps.RegisterAccountSteps"/>
  <testcase name="enterName" time="0.262" classname="steps.RegisterAccountSteps"/>
  <testcase name="enterInvalidEmail" time="3.333" classname="steps.RegisterAccountSteps"/>
  <testcase name="enterEMail" time="0.199" classname="steps.RegisterAccountSteps"/>
  <testcase name="enterInvalidPassword" time="2.295" classname="steps.RegisterAccountSteps"/>
  <testcase name="enterPassword" time="0.15" classname="steps.RegisterAccountSteps"/>
  <testcase name="gogleButtonInvisible" time="0.042" classname="steps.RegisterAccountSteps"/>
  <testcase name="clickOnCreateNewAccountButton" time="29.176" classname="steps.RegisterAccountSteps"/>
  <testcase name="logout" time="2.676" classname="steps.RegisterAccountSteps"/>
</testsuite> <!-- Create new user on Trello test -->
